{"timestamp":"2025-11-08T20:13:17.283Z","level":"INFO","bookName":"Sophie_s_World","message":"Translation process started","data":null}
{"timestamp":"2025-11-08T20:13:17.293Z","level":"INFO","bookName":"Sophie_s_World","message":"NEW TRANSLATION","data":{"textLength":931588}}
{"timestamp":"2025-11-08T20:13:17.355Z","level":"WARNING","bookName":"Sophie_s_World","message":"Chunk 2 validation warning","data":{"isValid":false,"endsProperlyEnglish":true,"hasOpenQuote":true,"hasOpenParenthesis":false,"lastChar":"."}}
{"timestamp":"2025-11-08T20:13:17.359Z","level":"WARNING","bookName":"Sophie_s_World","message":"Chunk 22 validation warning","data":{"isValid":false,"endsProperlyEnglish":true,"hasOpenQuote":true,"hasOpenParenthesis":false,"lastChar":"."}}
{"timestamp":"2025-11-08T20:13:17.402Z","level":"WARNING","bookName":"Sophie_s_World","message":"Chunk 23 validation warning","data":{"isValid":false,"endsProperlyEnglish":true,"hasOpenQuote":true,"hasOpenParenthesis":false,"lastChar":"."}}
{"timestamp":"2025-11-08T20:13:17.405Z","level":"WARNING","bookName":"Sophie_s_World","message":"Chunk 32 validation warning","data":{"isValid":false,"endsProperlyEnglish":true,"hasOpenQuote":false,"hasOpenParenthesis":true,"lastChar":"."}}
{"timestamp":"2025-11-08T20:13:17.409Z","level":"WARNING","bookName":"Sophie_s_World","message":"Chunk 33 validation warning","data":{"isValid":false,"endsProperlyEnglish":true,"hasOpenQuote":false,"hasOpenParenthesis":true,"lastChar":"."}}
{"timestamp":"2025-11-08T20:13:17.414Z","level":"WARNING","bookName":"Sophie_s_World","message":"Chunk 35 validation warning","data":{"isValid":false,"endsProperlyEnglish":true,"hasOpenQuote":false,"hasOpenParenthesis":true,"lastChar":"."}}
{"timestamp":"2025-11-08T20:13:17.419Z","level":"WARNING","bookName":"Sophie_s_World","message":"Chunk 37 validation warning","data":{"isValid":false,"endsProperlyEnglish":true,"hasOpenQuote":false,"hasOpenParenthesis":true,"lastChar":"."}}
{"timestamp":"2025-11-08T20:13:17.423Z","level":"WARNING","bookName":"Sophie_s_World","message":"Chunk 38 validation warning","data":{"isValid":false,"endsProperlyEnglish":true,"hasOpenQuote":false,"hasOpenParenthesis":true,"lastChar":"."}}
{"timestamp":"2025-11-08T20:13:17.426Z","level":"WARNING","bookName":"Sophie_s_World","message":"Chunk 58 validation warning","data":{"isValid":false,"endsProperlyEnglish":true,"hasOpenQuote":false,"hasOpenParenthesis":true,"lastChar":"!"}}
{"timestamp":"2025-11-08T20:13:17.433Z","level":"WARNING","bookName":"Sophie_s_World","message":"Chunk 59 validation warning","data":{"isValid":false,"endsProperlyEnglish":true,"hasOpenQuote":false,"hasOpenParenthesis":true,"lastChar":"."}}
{"timestamp":"2025-11-08T20:13:17.436Z","level":"WARNING","bookName":"Sophie_s_World","message":"Chunk 69 validation warning","data":{"isValid":false,"endsProperlyEnglish":true,"hasOpenQuote":true,"hasOpenParenthesis":false,"lastChar":"!"}}
{"timestamp":"2025-11-08T20:13:17.439Z","level":"WARNING","bookName":"Sophie_s_World","message":"Chunk 71 validation warning","data":{"isValid":false,"endsProperlyEnglish":true,"hasOpenQuote":true,"hasOpenParenthesis":false,"lastChar":"."}}
{"timestamp":"2025-11-08T20:13:17.443Z","level":"WARNING","bookName":"Sophie_s_World","message":"Chunk 72 validation warning","data":{"isValid":false,"endsProperlyEnglish":true,"hasOpenQuote":true,"hasOpenParenthesis":false,"lastChar":"."}}
{"timestamp":"2025-11-08T20:13:17.447Z","level":"WARNING","bookName":"Sophie_s_World","message":"Chunk 73 validation warning","data":{"isValid":false,"endsProperlyEnglish":true,"hasOpenQuote":true,"hasOpenParenthesis":false,"lastChar":"."}}
{"timestamp":"2025-11-08T20:13:17.452Z","level":"WARNING","bookName":"Sophie_s_World","message":"Chunk 74 validation warning","data":{"isValid":false,"endsProperlyEnglish":true,"hasOpenQuote":true,"hasOpenParenthesis":false,"lastChar":"."}}
{"timestamp":"2025-11-08T20:13:17.455Z","level":"WARNING","bookName":"Sophie_s_World","message":"Chunk 82 validation warning","data":{"isValid":false,"endsProperlyEnglish":true,"hasOpenQuote":false,"hasOpenParenthesis":true,"lastChar":"."}}
{"timestamp":"2025-11-08T20:13:17.459Z","level":"WARNING","bookName":"Sophie_s_World","message":"Chunk 83 validation warning","data":{"isValid":false,"endsProperlyEnglish":true,"hasOpenQuote":false,"hasOpenParenthesis":true,"lastChar":"."}}
{"timestamp":"2025-11-08T20:13:17.462Z","level":"WARNING","bookName":"Sophie_s_World","message":"Chunk 97 validation warning","data":{"isValid":false,"endsProperlyEnglish":true,"hasOpenQuote":true,"hasOpenParenthesis":false,"lastChar":"?"}}
{"timestamp":"2025-11-08T20:13:17.465Z","level":"WARNING","bookName":"Sophie_s_World","message":"Chunk 115 validation warning","data":{"isValid":false,"endsProperlyEnglish":true,"hasOpenQuote":true,"hasOpenParenthesis":false,"lastChar":"."}}
{"timestamp":"2025-11-08T20:13:17.468Z","level":"WARNING","bookName":"Sophie_s_World","message":"Chunk 116 validation warning","data":{"isValid":false,"endsProperlyEnglish":true,"hasOpenQuote":true,"hasOpenParenthesis":false,"lastChar":"."}}
{"timestamp":"2025-11-08T20:13:17.471Z","level":"WARNING","bookName":"Sophie_s_World","message":"Chunk 121 validation warning","data":{"isValid":false,"endsProperlyEnglish":true,"hasOpenQuote":true,"hasOpenParenthesis":false,"lastChar":"."}}
{"timestamp":"2025-11-08T20:13:17.473Z","level":"WARNING","bookName":"Sophie_s_World","message":"Chunk 125 validation warning","data":{"isValid":false,"endsProperlyEnglish":true,"hasOpenQuote":false,"hasOpenParenthesis":true,"lastChar":"!"}}
{"timestamp":"2025-11-08T20:13:17.476Z","level":"WARNING","bookName":"Sophie_s_World","message":"Chunk 126 validation warning","data":{"isValid":false,"endsProperlyEnglish":true,"hasOpenQuote":false,"hasOpenParenthesis":true,"lastChar":"."}}
{"timestamp":"2025-11-08T20:13:17.478Z","level":"WARNING","bookName":"Sophie_s_World","message":"Chunk 129 validation warning","data":{"isValid":false,"endsProperlyEnglish":true,"hasOpenQuote":true,"hasOpenParenthesis":false,"lastChar":"!"}}
{"timestamp":"2025-11-08T20:13:17.482Z","level":"WARNING","bookName":"Sophie_s_World","message":"Chunk 130 validation warning","data":{"isValid":false,"endsProperlyEnglish":true,"hasOpenQuote":true,"hasOpenParenthesis":false,"lastChar":"."}}
{"timestamp":"2025-11-08T20:13:17.485Z","level":"WARNING","bookName":"Sophie_s_World","message":"Chunk 137 validation warning","data":{"isValid":false,"endsProperlyEnglish":true,"hasOpenQuote":true,"hasOpenParenthesis":false,"lastChar":"?"}}
{"timestamp":"2025-11-08T20:13:17.488Z","level":"WARNING","bookName":"Sophie_s_World","message":"Chunk 138 validation warning","data":{"isValid":false,"endsProperlyEnglish":true,"hasOpenQuote":true,"hasOpenParenthesis":false,"lastChar":"."}}
{"timestamp":"2025-11-08T20:13:17.490Z","level":"WARNING","bookName":"Sophie_s_World","message":"Chunk 145 validation warning","data":{"isValid":false,"endsProperlyEnglish":true,"hasOpenQuote":false,"hasOpenParenthesis":true,"lastChar":"."}}
{"timestamp":"2025-11-08T20:13:17.492Z","level":"WARNING","bookName":"Sophie_s_World","message":"Chunk 160 validation warning","data":{"isValid":false,"endsProperlyEnglish":true,"hasOpenQuote":true,"hasOpenParenthesis":false,"lastChar":"."}}
{"timestamp":"2025-11-08T20:13:17.495Z","level":"WARNING","bookName":"Sophie_s_World","message":"Chunk 161 validation warning","data":{"isValid":false,"endsProperlyEnglish":true,"hasOpenQuote":true,"hasOpenParenthesis":false,"lastChar":"."}}
{"timestamp":"2025-11-08T20:13:17.499Z","level":"WARNING","bookName":"Sophie_s_World","message":"Chunk 162 validation warning","data":{"isValid":false,"endsProperlyEnglish":true,"hasOpenQuote":true,"hasOpenParenthesis":false,"lastChar":"."}}
{"timestamp":"2025-11-08T20:13:17.501Z","level":"WARNING","bookName":"Sophie_s_World","message":"Chunk 163 validation warning","data":{"isValid":false,"endsProperlyEnglish":true,"hasOpenQuote":true,"hasOpenParenthesis":false,"lastChar":"."}}
{"timestamp":"2025-11-08T20:13:17.505Z","level":"WARNING","bookName":"Sophie_s_World","message":"Chunk 164 validation warning","data":{"isValid":false,"endsProperlyEnglish":true,"hasOpenQuote":true,"hasOpenParenthesis":false,"lastChar":"."}}
{"timestamp":"2025-11-08T20:13:17.507Z","level":"WARNING","bookName":"Sophie_s_World","message":"Chunk 167 validation warning","data":{"isValid":false,"endsProperlyEnglish":true,"hasOpenQuote":true,"hasOpenParenthesis":false,"lastChar":"?"}}
{"timestamp":"2025-11-08T20:13:17.510Z","level":"WARNING","bookName":"Sophie_s_World","message":"Chunk 168 validation warning","data":{"isValid":false,"endsProperlyEnglish":true,"hasOpenQuote":true,"hasOpenParenthesis":false,"lastChar":"."}}
{"timestamp":"2025-11-08T20:13:17.513Z","level":"WARNING","bookName":"Sophie_s_World","message":"Chunk 172 validation warning","data":{"isValid":false,"endsProperlyEnglish":true,"hasOpenQuote":true,"hasOpenParenthesis":false,"lastChar":"."}}
{"timestamp":"2025-11-08T20:13:17.517Z","level":"WARNING","bookName":"Sophie_s_World","message":"Chunk 173 validation warning","data":{"isValid":false,"endsProperlyEnglish":true,"hasOpenQuote":true,"hasOpenParenthesis":false,"lastChar":"."}}
{"timestamp":"2025-11-08T20:13:17.520Z","level":"WARNING","bookName":"Sophie_s_World","message":"Chunk 179 validation warning","data":{"isValid":false,"endsProperlyEnglish":true,"hasOpenQuote":true,"hasOpenParenthesis":false,"lastChar":"."}}
{"timestamp":"2025-11-08T20:13:17.522Z","level":"WARNING","bookName":"Sophie_s_World","message":"Chunk 180 validation warning","data":{"isValid":false,"endsProperlyEnglish":true,"hasOpenQuote":true,"hasOpenParenthesis":false,"lastChar":"."}}
{"timestamp":"2025-11-08T20:13:17.524Z","level":"WARNING","bookName":"Sophie_s_World","message":"Chunk 182 validation warning","data":{"isValid":false,"endsProperlyEnglish":true,"hasOpenQuote":true,"hasOpenParenthesis":false,"lastChar":"."}}
{"timestamp":"2025-11-08T20:13:17.527Z","level":"WARNING","bookName":"Sophie_s_World","message":"Chunk 186 validation warning","data":{"isValid":false,"endsProperlyEnglish":true,"hasOpenQuote":true,"hasOpenParenthesis":false,"lastChar":"."}}
{"timestamp":"2025-11-08T20:13:17.530Z","level":"WARNING","bookName":"Sophie_s_World","message":"Chunk 192 validation warning","data":{"isValid":false,"endsProperlyEnglish":true,"hasOpenQuote":true,"hasOpenParenthesis":false,"lastChar":"."}}
{"timestamp":"2025-11-08T20:13:17.533Z","level":"WARNING","bookName":"Sophie_s_World","message":"Chunk 198 validation warning","data":{"isValid":false,"endsProperlyEnglish":true,"hasOpenQuote":true,"hasOpenParenthesis":false,"lastChar":"."}}
{"timestamp":"2025-11-08T20:13:17.536Z","level":"WARNING","bookName":"Sophie_s_World","message":"Chunk 199 validation warning","data":{"isValid":false,"endsProperlyEnglish":true,"hasOpenQuote":true,"hasOpenParenthesis":false,"lastChar":"."}}
{"timestamp":"2025-11-08T20:13:17.538Z","level":"WARNING","bookName":"Sophie_s_World","message":"Chunk 206 validation warning","data":{"isValid":false,"endsProperlyEnglish":true,"hasOpenQuote":true,"hasOpenParenthesis":false,"lastChar":"."}}
{"timestamp":"2025-11-08T20:13:17.540Z","level":"WARNING","bookName":"Sophie_s_World","message":"Chunk 209 validation warning","data":{"isValid":false,"endsProperlyEnglish":true,"hasOpenQuote":true,"hasOpenParenthesis":false,"lastChar":"."}}
{"timestamp":"2025-11-08T20:13:17.543Z","level":"WARNING","bookName":"Sophie_s_World","message":"Chunk 218 validation warning","data":{"isValid":false,"endsProperlyEnglish":true,"hasOpenQuote":true,"hasOpenParenthesis":false,"lastChar":"?"}}
{"timestamp":"2025-11-08T20:13:17.546Z","level":"WARNING","bookName":"Sophie_s_World","message":"Chunk 220 validation warning","data":{"isValid":false,"endsProperlyEnglish":true,"hasOpenQuote":true,"hasOpenParenthesis":false,"lastChar":"."}}
{"timestamp":"2025-11-08T20:13:17.549Z","level":"WARNING","bookName":"Sophie_s_World","message":"Chunk 221 validation warning","data":{"isValid":false,"endsProperlyEnglish":true,"hasOpenQuote":true,"hasOpenParenthesis":false,"lastChar":"."}}
{"timestamp":"2025-11-08T20:13:17.557Z","level":"WARNING","bookName":"Sophie_s_World","message":"Chunk 222 validation warning","data":{"isValid":false,"endsProperlyEnglish":true,"hasOpenQuote":true,"hasOpenParenthesis":false,"lastChar":"."}}
{"timestamp":"2025-11-08T20:13:17.569Z","level":"WARNING","bookName":"Sophie_s_World","message":"Chunk 223 validation warning","data":{"isValid":false,"endsProperlyEnglish":true,"hasOpenQuote":true,"hasOpenParenthesis":false,"lastChar":"."}}
{"timestamp":"2025-11-08T20:13:17.583Z","level":"WARNING","bookName":"Sophie_s_World","message":"Chunk 224 validation warning","data":{"isValid":false,"endsProperlyEnglish":true,"hasOpenQuote":true,"hasOpenParenthesis":false,"lastChar":"."}}
{"timestamp":"2025-11-08T20:13:17.598Z","level":"WARNING","bookName":"Sophie_s_World","message":"Chunk 227 validation warning","data":{"isValid":false,"endsProperlyEnglish":true,"hasOpenQuote":true,"hasOpenParenthesis":false,"lastChar":"."}}
{"timestamp":"2025-11-08T20:13:17.614Z","level":"WARNING","bookName":"Sophie_s_World","message":"Chunk 234 validation warning","data":{"isValid":false,"endsProperlyEnglish":true,"hasOpenQuote":true,"hasOpenParenthesis":false,"lastChar":"."}}
{"timestamp":"2025-11-08T20:13:17.626Z","level":"WARNING","bookName":"Sophie_s_World","message":"Chunk 235 validation warning","data":{"isValid":false,"endsProperlyEnglish":true,"hasOpenQuote":true,"hasOpenParenthesis":false,"lastChar":"."}}
{"timestamp":"2025-11-08T20:13:17.637Z","level":"WARNING","bookName":"Sophie_s_World","message":"Chunk 238 validation warning","data":{"isValid":false,"endsProperlyEnglish":true,"hasOpenQuote":true,"hasOpenParenthesis":false,"lastChar":"."}}
{"timestamp":"2025-11-08T20:13:17.642Z","level":"WARNING","bookName":"Sophie_s_World","message":"Chunk 245 validation warning","data":{"isValid":false,"endsProperlyEnglish":true,"hasOpenQuote":true,"hasOpenParenthesis":false,"lastChar":"."}}
{"timestamp":"2025-11-08T20:13:17.644Z","level":"WARNING","bookName":"Sophie_s_World","message":"Chunk 247 validation warning","data":{"isValid":false,"endsProperlyEnglish":true,"hasOpenQuote":true,"hasOpenParenthesis":false,"lastChar":"."}}
{"timestamp":"2025-11-08T20:13:17.649Z","level":"WARNING","bookName":"Sophie_s_World","message":"Chunk 248 validation warning","data":{"isValid":false,"endsProperlyEnglish":true,"hasOpenQuote":true,"hasOpenParenthesis":false,"lastChar":"."}}
{"timestamp":"2025-11-08T20:13:17.650Z","level":"WARNING","bookName":"Sophie_s_World","message":"Chunk 250 validation warning","data":{"isValid":false,"endsProperlyEnglish":true,"hasOpenQuote":true,"hasOpenParenthesis":false,"lastChar":"."}}
{"timestamp":"2025-11-08T20:13:17.653Z","level":"WARNING","bookName":"Sophie_s_World","message":"Chunk 257 validation warning","data":{"isValid":false,"endsProperlyEnglish":true,"hasOpenQuote":true,"hasOpenParenthesis":false,"lastChar":"."}}
{"timestamp":"2025-11-08T20:13:17.654Z","level":"WARNING","bookName":"Sophie_s_World","message":"Chunk 259 validation warning","data":{"isValid":false,"endsProperlyEnglish":true,"hasOpenQuote":true,"hasOpenParenthesis":false,"lastChar":"."}}
{"timestamp":"2025-11-08T20:13:17.657Z","level":"WARNING","bookName":"Sophie_s_World","message":"Chunk 265 validation warning","data":{"isValid":false,"endsProperlyEnglish":true,"hasOpenQuote":true,"hasOpenParenthesis":false,"lastChar":"."}}
{"timestamp":"2025-11-08T20:13:17.660Z","level":"WARNING","bookName":"Sophie_s_World","message":"Chunk 269 validation warning","data":{"isValid":false,"endsProperlyEnglish":true,"hasOpenQuote":true,"hasOpenParenthesis":false,"lastChar":"."}}
{"timestamp":"2025-11-08T20:13:17.662Z","level":"WARNING","bookName":"Sophie_s_World","message":"Chunk 277 validation warning","data":{"isValid":false,"endsProperlyEnglish":true,"hasOpenQuote":true,"hasOpenParenthesis":false,"lastChar":"!"}}
{"timestamp":"2025-11-08T20:13:17.667Z","level":"WARNING","bookName":"Sophie_s_World","message":"Chunk 278 validation warning","data":{"isValid":false,"endsProperlyEnglish":true,"hasOpenQuote":true,"hasOpenParenthesis":false,"lastChar":"."}}
{"timestamp":"2025-11-08T20:13:17.675Z","level":"WARNING","bookName":"Sophie_s_World","message":"Chunk 279 validation warning","data":{"isValid":false,"endsProperlyEnglish":true,"hasOpenQuote":true,"hasOpenParenthesis":false,"lastChar":"."}}
{"timestamp":"2025-11-08T20:13:17.682Z","level":"WARNING","bookName":"Sophie_s_World","message":"Chunk 280 validation warning","data":{"isValid":false,"endsProperlyEnglish":true,"hasOpenQuote":true,"hasOpenParenthesis":false,"lastChar":"."}}
{"timestamp":"2025-11-08T20:13:17.685Z","level":"WARNING","bookName":"Sophie_s_World","message":"Chunk 284 validation warning","data":{"isValid":false,"endsProperlyEnglish":true,"hasOpenQuote":true,"hasOpenParenthesis":false,"lastChar":"."}}
{"timestamp":"2025-11-08T20:13:17.688Z","level":"WARNING","bookName":"Sophie_s_World","message":"Chunk 285 validation warning","data":{"isValid":false,"endsProperlyEnglish":true,"hasOpenQuote":true,"hasOpenParenthesis":false,"lastChar":"."}}
{"timestamp":"2025-11-08T20:13:17.689Z","level":"WARNING","bookName":"Sophie_s_World","message":"Chunk 287 validation warning","data":{"isValid":false,"endsProperlyEnglish":true,"hasOpenQuote":true,"hasOpenParenthesis":false,"lastChar":"."}}
{"timestamp":"2025-11-08T20:13:17.692Z","level":"WARNING","bookName":"Sophie_s_World","message":"Chunk 292 validation warning","data":{"isValid":false,"endsProperlyEnglish":true,"hasOpenQuote":true,"hasOpenParenthesis":false,"lastChar":"."}}
{"timestamp":"2025-11-08T20:13:17.695Z","level":"WARNING","bookName":"Sophie_s_World","message":"Chunk 294 validation warning","data":{"isValid":false,"endsProperlyEnglish":true,"hasOpenQuote":true,"hasOpenParenthesis":false,"lastChar":"."}}
{"timestamp":"2025-11-08T20:13:17.698Z","level":"WARNING","bookName":"Sophie_s_World","message":"Chunk 296 validation warning","data":{"isValid":false,"endsProperlyEnglish":true,"hasOpenQuote":true,"hasOpenParenthesis":false,"lastChar":"."}}
{"timestamp":"2025-11-08T20:13:17.701Z","level":"WARNING","bookName":"Sophie_s_World","message":"Chunk 298 validation warning","data":{"isValid":false,"endsProperlyEnglish":true,"hasOpenQuote":true,"hasOpenParenthesis":false,"lastChar":"!"}}
{"timestamp":"2025-11-08T20:13:17.703Z","level":"WARNING","bookName":"Sophie_s_World","message":"Chunk 299 validation warning","data":{"isValid":false,"endsProperlyEnglish":true,"hasOpenQuote":true,"hasOpenParenthesis":false,"lastChar":"."}}
{"timestamp":"2025-11-08T20:13:17.706Z","level":"WARNING","bookName":"Sophie_s_World","message":"Chunk 301 validation warning","data":{"isValid":false,"endsProperlyEnglish":true,"hasOpenQuote":true,"hasOpenParenthesis":false,"lastChar":"."}}
{"timestamp":"2025-11-08T20:13:17.708Z","level":"WARNING","bookName":"Sophie_s_World","message":"Chunk 303 validation warning","data":{"isValid":false,"endsProperlyEnglish":true,"hasOpenQuote":true,"hasOpenParenthesis":false,"lastChar":"."}}
{"timestamp":"2025-11-08T20:13:17.711Z","level":"WARNING","bookName":"Sophie_s_World","message":"Chunk 305 validation warning","data":{"isValid":false,"endsProperlyEnglish":true,"hasOpenQuote":true,"hasOpenParenthesis":false,"lastChar":"."}}
{"timestamp":"2025-11-08T20:13:17.717Z","level":"WARNING","bookName":"Sophie_s_World","message":"Chunk 309 validation warning","data":{"isValid":false,"endsProperlyEnglish":true,"hasOpenQuote":true,"hasOpenParenthesis":false,"lastChar":"."}}
{"timestamp":"2025-11-08T20:13:17.719Z","level":"WARNING","bookName":"Sophie_s_World","message":"Chunk 310 validation warning","data":{"isValid":false,"endsProperlyEnglish":true,"hasOpenQuote":true,"hasOpenParenthesis":false,"lastChar":"."}}
{"timestamp":"2025-11-08T20:13:17.721Z","level":"WARNING","bookName":"Sophie_s_World","message":"Chunk 313 validation warning","data":{"isValid":false,"endsProperlyEnglish":true,"hasOpenQuote":true,"hasOpenParenthesis":false,"lastChar":"."}}
{"timestamp":"2025-11-08T20:13:17.723Z","level":"WARNING","bookName":"Sophie_s_World","message":"Chunk 315 validation warning","data":{"isValid":false,"endsProperlyEnglish":true,"hasOpenQuote":true,"hasOpenParenthesis":false,"lastChar":"."}}
{"timestamp":"2025-11-08T20:13:17.726Z","level":"WARNING","bookName":"Sophie_s_World","message":"Chunk 317 validation warning","data":{"isValid":false,"endsProperlyEnglish":true,"hasOpenQuote":true,"hasOpenParenthesis":false,"lastChar":"."}}
{"timestamp":"2025-11-08T20:13:17.728Z","level":"WARNING","bookName":"Sophie_s_World","message":"Chunk 318 validation warning","data":{"isValid":false,"endsProperlyEnglish":true,"hasOpenQuote":true,"hasOpenParenthesis":false,"lastChar":"."}}
{"timestamp":"2025-11-08T20:13:17.730Z","level":"WARNING","bookName":"Sophie_s_World","message":"Chunk 319 validation warning","data":{"isValid":false,"endsProperlyEnglish":true,"hasOpenQuote":true,"hasOpenParenthesis":false,"lastChar":"."}}
{"timestamp":"2025-11-08T20:13:17.733Z","level":"WARNING","bookName":"Sophie_s_World","message":"Chunk 322 validation warning","data":{"isValid":false,"endsProperlyEnglish":true,"hasOpenQuote":true,"hasOpenParenthesis":false,"lastChar":"."}}
{"timestamp":"2025-11-08T20:13:17.735Z","level":"WARNING","bookName":"Sophie_s_World","message":"Chunk 324 validation warning","data":{"isValid":false,"endsProperlyEnglish":true,"hasOpenQuote":true,"hasOpenParenthesis":false,"lastChar":"."}}
{"timestamp":"2025-11-08T20:13:17.737Z","level":"WARNING","bookName":"Sophie_s_World","message":"Chunk 337 validation warning","data":{"isValid":false,"endsProperlyEnglish":true,"hasOpenQuote":true,"hasOpenParenthesis":false,"lastChar":"."}}
{"timestamp":"2025-11-08T20:13:17.740Z","level":"WARNING","bookName":"Sophie_s_World","message":"Chunk 347 validation warning","data":{"isValid":false,"endsProperlyEnglish":true,"hasOpenQuote":true,"hasOpenParenthesis":false,"lastChar":"."}}
{"timestamp":"2025-11-08T20:13:17.742Z","level":"WARNING","bookName":"Sophie_s_World","message":"Chunk 348 validation warning","data":{"isValid":false,"endsProperlyEnglish":true,"hasOpenQuote":true,"hasOpenParenthesis":false,"lastChar":"."}}
{"timestamp":"2025-11-08T20:13:17.744Z","level":"WARNING","bookName":"Sophie_s_World","message":"Chunk 349 validation warning","data":{"isValid":false,"endsProperlyEnglish":true,"hasOpenQuote":true,"hasOpenParenthesis":false,"lastChar":"."}}
{"timestamp":"2025-11-08T20:13:17.746Z","level":"WARNING","bookName":"Sophie_s_World","message":"Chunk 350 validation warning","data":{"isValid":false,"endsProperlyEnglish":true,"hasOpenQuote":true,"hasOpenParenthesis":false,"lastChar":"."}}
{"timestamp":"2025-11-08T20:13:17.750Z","level":"WARNING","bookName":"Sophie_s_World","message":"Chunk 351 validation warning","data":{"isValid":false,"endsProperlyEnglish":true,"hasOpenQuote":true,"hasOpenParenthesis":false,"lastChar":"."}}
{"timestamp":"2025-11-08T20:13:17.752Z","level":"WARNING","bookName":"Sophie_s_World","message":"Chunk 354 validation warning","data":{"isValid":false,"endsProperlyEnglish":true,"hasOpenQuote":true,"hasOpenParenthesis":false,"lastChar":"."}}
{"timestamp":"2025-11-08T20:13:17.755Z","level":"WARNING","bookName":"Sophie_s_World","message":"Chunk 359 validation warning","data":{"isValid":false,"endsProperlyEnglish":true,"hasOpenQuote":true,"hasOpenParenthesis":false,"lastChar":"."}}
{"timestamp":"2025-11-08T20:13:17.758Z","level":"WARNING","bookName":"Sophie_s_World","message":"Chunk 363 validation warning","data":{"isValid":false,"endsProperlyEnglish":true,"hasOpenQuote":true,"hasOpenParenthesis":false,"lastChar":"."}}
{"timestamp":"2025-11-08T20:13:17.759Z","level":"WARNING","bookName":"Sophie_s_World","message":"Chunk 364 validation warning","data":{"isValid":false,"endsProperlyEnglish":true,"hasOpenQuote":true,"hasOpenParenthesis":false,"lastChar":"?"}}
{"timestamp":"2025-11-08T20:13:17.762Z","level":"WARNING","bookName":"Sophie_s_World","message":"Chunk 376 validation warning","data":{"isValid":false,"endsProperlyEnglish":true,"hasOpenQuote":true,"hasOpenParenthesis":false,"lastChar":"."}}
{"timestamp":"2025-11-08T20:13:17.765Z","level":"WARNING","bookName":"Sophie_s_World","message":"Chunk 378 validation warning","data":{"isValid":false,"endsProperlyEnglish":true,"hasOpenQuote":true,"hasOpenParenthesis":false,"lastChar":"."}}
{"timestamp":"2025-11-08T20:13:17.767Z","level":"WARNING","bookName":"Sophie_s_World","message":"Chunk 398 validation warning","data":{"isValid":false,"endsProperlyEnglish":true,"hasOpenQuote":true,"hasOpenParenthesis":false,"lastChar":"."}}
{"timestamp":"2025-11-08T20:13:17.769Z","level":"WARNING","bookName":"Sophie_s_World","message":"Chunk 402 validation warning","data":{"isValid":false,"endsProperlyEnglish":true,"hasOpenQuote":true,"hasOpenParenthesis":false,"lastChar":"."}}
{"timestamp":"2025-11-08T20:13:17.772Z","level":"WARNING","bookName":"Sophie_s_World","message":"Chunk 418 validation warning","data":{"isValid":false,"endsProperlyEnglish":true,"hasOpenQuote":true,"hasOpenParenthesis":false,"lastChar":"."}}
{"timestamp":"2025-11-08T20:13:17.774Z","level":"WARNING","bookName":"Sophie_s_World","message":"Chunk 421 validation warning","data":{"isValid":false,"endsProperlyEnglish":true,"hasOpenQuote":true,"hasOpenParenthesis":false,"lastChar":"."}}
{"timestamp":"2025-11-08T20:13:17.776Z","level":"WARNING","bookName":"Sophie_s_World","message":"Chunk 422 validation warning","data":{"isValid":false,"endsProperlyEnglish":true,"hasOpenQuote":true,"hasOpenParenthesis":false,"lastChar":"."}}
{"timestamp":"2025-11-08T20:13:17.779Z","level":"WARNING","bookName":"Sophie_s_World","message":"Chunk 423 validation warning","data":{"isValid":false,"endsProperlyEnglish":true,"hasOpenQuote":true,"hasOpenParenthesis":false,"lastChar":"?"}}
{"timestamp":"2025-11-08T20:13:17.781Z","level":"WARNING","bookName":"Sophie_s_World","message":"Chunk 424 validation warning","data":{"isValid":false,"endsProperlyEnglish":true,"hasOpenQuote":true,"hasOpenParenthesis":false,"lastChar":"."}}
{"timestamp":"2025-11-08T20:13:17.784Z","level":"WARNING","bookName":"Sophie_s_World","message":"Chunk 425 validation warning","data":{"isValid":false,"endsProperlyEnglish":true,"hasOpenQuote":true,"hasOpenParenthesis":false,"lastChar":"."}}
{"timestamp":"2025-11-08T20:13:17.786Z","level":"WARNING","bookName":"Sophie_s_World","message":"Chunk 434 validation warning","data":{"isValid":false,"endsProperlyEnglish":true,"hasOpenQuote":true,"hasOpenParenthesis":false,"lastChar":"."}}
{"timestamp":"2025-11-08T20:13:17.788Z","level":"WARNING","bookName":"Sophie_s_World","message":"Chunk 436 validation warning","data":{"isValid":false,"endsProperlyEnglish":true,"hasOpenQuote":true,"hasOpenParenthesis":false,"lastChar":"."}}
{"timestamp":"2025-11-08T20:13:17.790Z","level":"WARNING","bookName":"Sophie_s_World","message":"Chunk 441 validation warning","data":{"isValid":false,"endsProperlyEnglish":true,"hasOpenQuote":true,"hasOpenParenthesis":false,"lastChar":"."}}
{"timestamp":"2025-11-08T20:13:17.792Z","level":"WARNING","bookName":"Sophie_s_World","message":"Chunk 442 validation warning","data":{"isValid":false,"endsProperlyEnglish":true,"hasOpenQuote":true,"hasOpenParenthesis":false,"lastChar":"."}}
{"timestamp":"2025-11-08T20:13:17.795Z","level":"WARNING","bookName":"Sophie_s_World","message":"Chunk 444 validation warning","data":{"isValid":false,"endsProperlyEnglish":true,"hasOpenQuote":true,"hasOpenParenthesis":false,"lastChar":"."}}
{"timestamp":"2025-11-08T20:13:17.798Z","level":"WARNING","bookName":"Sophie_s_World","message":"Chunk 447 validation warning","data":{"isValid":false,"endsProperlyEnglish":true,"hasOpenQuote":true,"hasOpenParenthesis":false,"lastChar":"."}}
{"timestamp":"2025-11-08T20:13:17.800Z","level":"WARNING","bookName":"Sophie_s_World","message":"Chunk 452 validation warning","data":{"isValid":false,"endsProperlyEnglish":true,"hasOpenQuote":true,"hasOpenParenthesis":false,"lastChar":"."}}
{"timestamp":"2025-11-08T20:13:17.804Z","level":"WARNING","bookName":"Sophie_s_World","message":"Chunk 453 validation warning","data":{"isValid":false,"endsProperlyEnglish":true,"hasOpenQuote":true,"hasOpenParenthesis":false,"lastChar":"."}}
{"timestamp":"2025-11-08T20:13:17.806Z","level":"WARNING","bookName":"Sophie_s_World","message":"Chunk 454 validation warning","data":{"isValid":false,"endsProperlyEnglish":true,"hasOpenQuote":true,"hasOpenParenthesis":false,"lastChar":"."}}
{"timestamp":"2025-11-08T20:13:17.808Z","level":"WARNING","bookName":"Sophie_s_World","message":"Chunk 456 validation warning","data":{"isValid":false,"endsProperlyEnglish":true,"hasOpenQuote":true,"hasOpenParenthesis":false,"lastChar":"?"}}
{"timestamp":"2025-11-08T20:13:17.811Z","level":"WARNING","bookName":"Sophie_s_World","message":"Chunk 457 validation warning","data":{"isValid":false,"endsProperlyEnglish":true,"hasOpenQuote":true,"hasOpenParenthesis":false,"lastChar":"."}}
{"timestamp":"2025-11-08T20:13:17.813Z","level":"WARNING","bookName":"Sophie_s_World","message":"Chunk 458 validation warning","data":{"isValid":false,"endsProperlyEnglish":true,"hasOpenQuote":true,"hasOpenParenthesis":false,"lastChar":"."}}
{"timestamp":"2025-11-08T20:13:17.816Z","level":"WARNING","bookName":"Sophie_s_World","message":"Chunk 462 validation warning","data":{"isValid":false,"endsProperlyEnglish":true,"hasOpenQuote":true,"hasOpenParenthesis":false,"lastChar":"."}}
{"timestamp":"2025-11-08T20:13:17.819Z","level":"WARNING","bookName":"Sophie_s_World","message":"Chunk 463 validation warning","data":{"isValid":false,"endsProperlyEnglish":true,"hasOpenQuote":true,"hasOpenParenthesis":false,"lastChar":"."}}
{"timestamp":"2025-11-08T20:13:17.820Z","level":"WARNING","bookName":"Sophie_s_World","message":"Chunk 466 validation warning","data":{"isValid":false,"endsProperlyEnglish":true,"hasOpenQuote":true,"hasOpenParenthesis":false,"lastChar":"!"}}
{"timestamp":"2025-11-08T20:13:17.823Z","level":"WARNING","bookName":"Sophie_s_World","message":"Chunk 467 validation warning","data":{"isValid":false,"endsProperlyEnglish":true,"hasOpenQuote":true,"hasOpenParenthesis":false,"lastChar":"."}}
{"timestamp":"2025-11-08T20:13:17.825Z","level":"WARNING","bookName":"Sophie_s_World","message":"Chunk 471 validation warning","data":{"isValid":false,"endsProperlyEnglish":true,"hasOpenQuote":true,"hasOpenParenthesis":false,"lastChar":"."}}
{"timestamp":"2025-11-08T20:13:18.956Z","level":"DEBUG","bookName":"Sophie_s_World","message":"Progress saved","data":{"completed":0,"total":479}}
{"timestamp":"2025-11-08T20:13:18.977Z","level":"DEBUG","bookName":"Sophie_s_World","message":"API call attempt 1/3 for chunk 1","data":null}
{"timestamp":"2025-11-08T20:13:41.356Z","level":"DEBUG","bookName":"Sophie_s_World","message":"Progress saved","data":{"completed":1,"total":479}}
{"timestamp":"2025-11-08T20:13:42.359Z","level":"DEBUG","bookName":"Sophie_s_World","message":"API call attempt 1/3 for chunk 2","data":null}
{"timestamp":"2025-11-08T20:14:00.978Z","level":"DEBUG","bookName":"Sophie_s_World","message":"Progress saved","data":{"completed":2,"total":479}}
{"timestamp":"2025-11-08T20:14:01.983Z","level":"DEBUG","bookName":"Sophie_s_World","message":"API call attempt 1/3 for chunk 3","data":null}
{"timestamp":"2025-11-08T20:14:17.158Z","level":"DEBUG","bookName":"Sophie_s_World","message":"Progress saved","data":{"completed":3,"total":479}}
{"timestamp":"2025-11-08T20:14:18.174Z","level":"DEBUG","bookName":"Sophie_s_World","message":"API call attempt 1/3 for chunk 4","data":null}
{"timestamp":"2025-11-08T20:14:34.269Z","level":"DEBUG","bookName":"Sophie_s_World","message":"Progress saved","data":{"completed":4,"total":479}}
{"timestamp":"2025-11-08T20:14:35.288Z","level":"DEBUG","bookName":"Sophie_s_World","message":"API call attempt 1/3 for chunk 5","data":null}
{"timestamp":"2025-11-08T20:14:54.624Z","level":"DEBUG","bookName":"Sophie_s_World","message":"Progress saved","data":{"completed":5,"total":479}}
{"timestamp":"2025-11-08T20:14:55.635Z","level":"DEBUG","bookName":"Sophie_s_World","message":"API call attempt 1/3 for chunk 6","data":null}
{"timestamp":"2025-11-08T20:15:16.870Z","level":"DEBUG","bookName":"Sophie_s_World","message":"Progress saved","data":{"completed":6,"total":479}}
{"timestamp":"2025-11-08T20:15:17.879Z","level":"DEBUG","bookName":"Sophie_s_World","message":"API call attempt 1/3 for chunk 7","data":null}
{"timestamp":"2025-11-08T20:15:35.906Z","level":"DEBUG","bookName":"Sophie_s_World","message":"Progress saved","data":{"completed":7,"total":479}}
{"timestamp":"2025-11-08T20:15:36.909Z","level":"DEBUG","bookName":"Sophie_s_World","message":"API call attempt 1/3 for chunk 8","data":null}
{"timestamp":"2025-11-08T20:16:02.743Z","level":"DEBUG","bookName":"Sophie_s_World","message":"Progress saved","data":{"completed":8,"total":479}}
{"timestamp":"2025-11-08T20:16:03.752Z","level":"DEBUG","bookName":"Sophie_s_World","message":"API call attempt 1/3 for chunk 9","data":null}
{"timestamp":"2025-11-08T20:16:24.697Z","level":"DEBUG","bookName":"Sophie_s_World","message":"Progress saved","data":{"completed":9,"total":479}}
{"timestamp":"2025-11-08T20:16:25.713Z","level":"DEBUG","bookName":"Sophie_s_World","message":"API call attempt 1/3 for chunk 10","data":null}
{"timestamp":"2025-11-08T20:16:42.469Z","level":"DEBUG","bookName":"Sophie_s_World","message":"Progress saved","data":{"completed":10,"total":479}}
{"timestamp":"2025-11-08T20:16:42.474Z","level":"INFO","bookName":"Sophie_s_World","message":"Backup created at chunk 10","data":null}
{"timestamp":"2025-11-08T20:16:43.488Z","level":"DEBUG","bookName":"Sophie_s_World","message":"API call attempt 1/3 for chunk 11","data":null}
{"timestamp":"2025-11-08T20:17:03.605Z","level":"DEBUG","bookName":"Sophie_s_World","message":"Progress saved","data":{"completed":11,"total":479}}
{"timestamp":"2025-11-08T20:17:04.614Z","level":"DEBUG","bookName":"Sophie_s_World","message":"API call attempt 1/3 for chunk 12","data":null}
{"timestamp":"2025-11-08T20:17:24.502Z","level":"DEBUG","bookName":"Sophie_s_World","message":"Progress saved","data":{"completed":12,"total":479}}
{"timestamp":"2025-11-08T20:17:25.526Z","level":"DEBUG","bookName":"Sophie_s_World","message":"API call attempt 1/3 for chunk 13","data":null}
{"timestamp":"2025-11-08T20:33:04.023Z","level":"INFO","bookName":"Sophie_s_World","message":"Translation process started","data":null}
{"timestamp":"2025-11-08T20:33:04.047Z","level":"INFO","bookName":"Sophie_s_World","message":"NEW TRANSLATION","data":{"textLength":931588}}
{"timestamp":"2025-11-08T20:33:04.112Z","level":"WARNING","bookName":"Sophie_s_World","message":"Chunk 2 validation warning","data":{"isValid":false,"endsProperlyEnglish":true,"hasOpenQuote":true,"hasOpenParenthesis":false,"lastChar":"."}}
{"timestamp":"2025-11-08T20:33:04.116Z","level":"WARNING","bookName":"Sophie_s_World","message":"Chunk 22 validation warning","data":{"isValid":false,"endsProperlyEnglish":true,"hasOpenQuote":true,"hasOpenParenthesis":false,"lastChar":"."}}
{"timestamp":"2025-11-08T20:33:04.120Z","level":"WARNING","bookName":"Sophie_s_World","message":"Chunk 23 validation warning","data":{"isValid":false,"endsProperlyEnglish":true,"hasOpenQuote":true,"hasOpenParenthesis":false,"lastChar":"."}}
{"timestamp":"2025-11-08T20:33:04.126Z","level":"WARNING","bookName":"Sophie_s_World","message":"Chunk 32 validation warning","data":{"isValid":false,"endsProperlyEnglish":true,"hasOpenQuote":false,"hasOpenParenthesis":true,"lastChar":"."}}
{"timestamp":"2025-11-08T20:33:04.130Z","level":"WARNING","bookName":"Sophie_s_World","message":"Chunk 33 validation warning","data":{"isValid":false,"endsProperlyEnglish":true,"hasOpenQuote":false,"hasOpenParenthesis":true,"lastChar":"."}}
{"timestamp":"2025-11-08T20:33:04.134Z","level":"WARNING","bookName":"Sophie_s_World","message":"Chunk 35 validation warning","data":{"isValid":false,"endsProperlyEnglish":true,"hasOpenQuote":false,"hasOpenParenthesis":true,"lastChar":"."}}
{"timestamp":"2025-11-08T20:33:04.138Z","level":"WARNING","bookName":"Sophie_s_World","message":"Chunk 37 validation warning","data":{"isValid":false,"endsProperlyEnglish":true,"hasOpenQuote":false,"hasOpenParenthesis":true,"lastChar":"."}}
{"timestamp":"2025-11-08T20:33:04.145Z","level":"WARNING","bookName":"Sophie_s_World","message":"Chunk 38 validation warning","data":{"isValid":false,"endsProperlyEnglish":true,"hasOpenQuote":false,"hasOpenParenthesis":true,"lastChar":"."}}
{"timestamp":"2025-11-08T20:33:04.149Z","level":"WARNING","bookName":"Sophie_s_World","message":"Chunk 58 validation warning","data":{"isValid":false,"endsProperlyEnglish":true,"hasOpenQuote":false,"hasOpenParenthesis":true,"lastChar":"!"}}
{"timestamp":"2025-11-08T20:33:04.155Z","level":"WARNING","bookName":"Sophie_s_World","message":"Chunk 59 validation warning","data":{"isValid":false,"endsProperlyEnglish":true,"hasOpenQuote":false,"hasOpenParenthesis":true,"lastChar":"."}}
{"timestamp":"2025-11-08T20:33:04.160Z","level":"WARNING","bookName":"Sophie_s_World","message":"Chunk 69 validation warning","data":{"isValid":false,"endsProperlyEnglish":true,"hasOpenQuote":true,"hasOpenParenthesis":false,"lastChar":"!"}}
{"timestamp":"2025-11-08T20:33:04.164Z","level":"WARNING","bookName":"Sophie_s_World","message":"Chunk 71 validation warning","data":{"isValid":false,"endsProperlyEnglish":true,"hasOpenQuote":true,"hasOpenParenthesis":false,"lastChar":"."}}
{"timestamp":"2025-11-08T20:33:04.167Z","level":"WARNING","bookName":"Sophie_s_World","message":"Chunk 72 validation warning","data":{"isValid":false,"endsProperlyEnglish":true,"hasOpenQuote":true,"hasOpenParenthesis":false,"lastChar":"."}}
{"timestamp":"2025-11-08T20:33:04.171Z","level":"WARNING","bookName":"Sophie_s_World","message":"Chunk 73 validation warning","data":{"isValid":false,"endsProperlyEnglish":true,"hasOpenQuote":true,"hasOpenParenthesis":false,"lastChar":"."}}
{"timestamp":"2025-11-08T20:33:04.177Z","level":"WARNING","bookName":"Sophie_s_World","message":"Chunk 74 validation warning","data":{"isValid":false,"endsProperlyEnglish":true,"hasOpenQuote":true,"hasOpenParenthesis":false,"lastChar":"."}}
{"timestamp":"2025-11-08T20:33:04.183Z","level":"WARNING","bookName":"Sophie_s_World","message":"Chunk 82 validation warning","data":{"isValid":false,"endsProperlyEnglish":true,"hasOpenQuote":false,"hasOpenParenthesis":true,"lastChar":"."}}
{"timestamp":"2025-11-08T20:33:04.187Z","level":"WARNING","bookName":"Sophie_s_World","message":"Chunk 83 validation warning","data":{"isValid":false,"endsProperlyEnglish":true,"hasOpenQuote":false,"hasOpenParenthesis":true,"lastChar":"."}}
{"timestamp":"2025-11-08T20:33:04.191Z","level":"WARNING","bookName":"Sophie_s_World","message":"Chunk 97 validation warning","data":{"isValid":false,"endsProperlyEnglish":true,"hasOpenQuote":true,"hasOpenParenthesis":false,"lastChar":"?"}}
{"timestamp":"2025-11-08T20:33:04.194Z","level":"WARNING","bookName":"Sophie_s_World","message":"Chunk 115 validation warning","data":{"isValid":false,"endsProperlyEnglish":true,"hasOpenQuote":true,"hasOpenParenthesis":false,"lastChar":"."}}
{"timestamp":"2025-11-08T20:33:04.198Z","level":"WARNING","bookName":"Sophie_s_World","message":"Chunk 116 validation warning","data":{"isValid":false,"endsProperlyEnglish":true,"hasOpenQuote":true,"hasOpenParenthesis":false,"lastChar":"."}}
{"timestamp":"2025-11-08T20:33:04.201Z","level":"WARNING","bookName":"Sophie_s_World","message":"Chunk 121 validation warning","data":{"isValid":false,"endsProperlyEnglish":true,"hasOpenQuote":true,"hasOpenParenthesis":false,"lastChar":"."}}
{"timestamp":"2025-11-08T20:33:04.203Z","level":"WARNING","bookName":"Sophie_s_World","message":"Chunk 125 validation warning","data":{"isValid":false,"endsProperlyEnglish":true,"hasOpenQuote":false,"hasOpenParenthesis":true,"lastChar":"!"}}
{"timestamp":"2025-11-08T20:33:04.205Z","level":"WARNING","bookName":"Sophie_s_World","message":"Chunk 126 validation warning","data":{"isValid":false,"endsProperlyEnglish":true,"hasOpenQuote":false,"hasOpenParenthesis":true,"lastChar":"."}}
{"timestamp":"2025-11-08T20:33:04.208Z","level":"WARNING","bookName":"Sophie_s_World","message":"Chunk 129 validation warning","data":{"isValid":false,"endsProperlyEnglish":true,"hasOpenQuote":true,"hasOpenParenthesis":false,"lastChar":"!"}}
{"timestamp":"2025-11-08T20:33:04.213Z","level":"WARNING","bookName":"Sophie_s_World","message":"Chunk 130 validation warning","data":{"isValid":false,"endsProperlyEnglish":true,"hasOpenQuote":true,"hasOpenParenthesis":false,"lastChar":"."}}
{"timestamp":"2025-11-08T20:33:04.216Z","level":"WARNING","bookName":"Sophie_s_World","message":"Chunk 137 validation warning","data":{"isValid":false,"endsProperlyEnglish":true,"hasOpenQuote":true,"hasOpenParenthesis":false,"lastChar":"?"}}
{"timestamp":"2025-11-08T20:33:04.218Z","level":"WARNING","bookName":"Sophie_s_World","message":"Chunk 138 validation warning","data":{"isValid":false,"endsProperlyEnglish":true,"hasOpenQuote":true,"hasOpenParenthesis":false,"lastChar":"."}}
{"timestamp":"2025-11-08T20:33:04.221Z","level":"WARNING","bookName":"Sophie_s_World","message":"Chunk 145 validation warning","data":{"isValid":false,"endsProperlyEnglish":true,"hasOpenQuote":false,"hasOpenParenthesis":true,"lastChar":"."}}
{"timestamp":"2025-11-08T20:33:04.224Z","level":"WARNING","bookName":"Sophie_s_World","message":"Chunk 160 validation warning","data":{"isValid":false,"endsProperlyEnglish":true,"hasOpenQuote":true,"hasOpenParenthesis":false,"lastChar":"."}}
{"timestamp":"2025-11-08T20:33:04.228Z","level":"WARNING","bookName":"Sophie_s_World","message":"Chunk 161 validation warning","data":{"isValid":false,"endsProperlyEnglish":true,"hasOpenQuote":true,"hasOpenParenthesis":false,"lastChar":"."}}
{"timestamp":"2025-11-08T20:33:04.232Z","level":"WARNING","bookName":"Sophie_s_World","message":"Chunk 162 validation warning","data":{"isValid":false,"endsProperlyEnglish":true,"hasOpenQuote":true,"hasOpenParenthesis":false,"lastChar":"."}}
{"timestamp":"2025-11-08T20:33:04.234Z","level":"WARNING","bookName":"Sophie_s_World","message":"Chunk 163 validation warning","data":{"isValid":false,"endsProperlyEnglish":true,"hasOpenQuote":true,"hasOpenParenthesis":false,"lastChar":"."}}
{"timestamp":"2025-11-08T20:33:04.237Z","level":"WARNING","bookName":"Sophie_s_World","message":"Chunk 164 validation warning","data":{"isValid":false,"endsProperlyEnglish":true,"hasOpenQuote":true,"hasOpenParenthesis":false,"lastChar":"."}}
{"timestamp":"2025-11-08T20:33:04.240Z","level":"WARNING","bookName":"Sophie_s_World","message":"Chunk 167 validation warning","data":{"isValid":false,"endsProperlyEnglish":true,"hasOpenQuote":true,"hasOpenParenthesis":false,"lastChar":"?"}}
{"timestamp":"2025-11-08T20:33:04.243Z","level":"WARNING","bookName":"Sophie_s_World","message":"Chunk 168 validation warning","data":{"isValid":false,"endsProperlyEnglish":true,"hasOpenQuote":true,"hasOpenParenthesis":false,"lastChar":"."}}
{"timestamp":"2025-11-08T20:33:04.245Z","level":"WARNING","bookName":"Sophie_s_World","message":"Chunk 172 validation warning","data":{"isValid":false,"endsProperlyEnglish":true,"hasOpenQuote":true,"hasOpenParenthesis":false,"lastChar":"."}}
{"timestamp":"2025-11-08T20:33:04.248Z","level":"WARNING","bookName":"Sophie_s_World","message":"Chunk 173 validation warning","data":{"isValid":false,"endsProperlyEnglish":true,"hasOpenQuote":true,"hasOpenParenthesis":false,"lastChar":"."}}
{"timestamp":"2025-11-08T20:33:04.251Z","level":"WARNING","bookName":"Sophie_s_World","message":"Chunk 179 validation warning","data":{"isValid":false,"endsProperlyEnglish":true,"hasOpenQuote":true,"hasOpenParenthesis":false,"lastChar":"."}}
{"timestamp":"2025-11-08T20:33:04.254Z","level":"WARNING","bookName":"Sophie_s_World","message":"Chunk 180 validation warning","data":{"isValid":false,"endsProperlyEnglish":true,"hasOpenQuote":true,"hasOpenParenthesis":false,"lastChar":"."}}
{"timestamp":"2025-11-08T20:33:04.257Z","level":"WARNING","bookName":"Sophie_s_World","message":"Chunk 182 validation warning","data":{"isValid":false,"endsProperlyEnglish":true,"hasOpenQuote":true,"hasOpenParenthesis":false,"lastChar":"."}}
{"timestamp":"2025-11-08T20:33:04.258Z","level":"WARNING","bookName":"Sophie_s_World","message":"Chunk 186 validation warning","data":{"isValid":false,"endsProperlyEnglish":true,"hasOpenQuote":true,"hasOpenParenthesis":false,"lastChar":"."}}
{"timestamp":"2025-11-08T20:33:04.262Z","level":"WARNING","bookName":"Sophie_s_World","message":"Chunk 192 validation warning","data":{"isValid":false,"endsProperlyEnglish":true,"hasOpenQuote":true,"hasOpenParenthesis":false,"lastChar":"."}}
{"timestamp":"2025-11-08T20:33:04.264Z","level":"WARNING","bookName":"Sophie_s_World","message":"Chunk 198 validation warning","data":{"isValid":false,"endsProperlyEnglish":true,"hasOpenQuote":true,"hasOpenParenthesis":false,"lastChar":"."}}
{"timestamp":"2025-11-08T20:33:04.267Z","level":"WARNING","bookName":"Sophie_s_World","message":"Chunk 199 validation warning","data":{"isValid":false,"endsProperlyEnglish":true,"hasOpenQuote":true,"hasOpenParenthesis":false,"lastChar":"."}}
{"timestamp":"2025-11-08T20:33:04.270Z","level":"WARNING","bookName":"Sophie_s_World","message":"Chunk 206 validation warning","data":{"isValid":false,"endsProperlyEnglish":true,"hasOpenQuote":true,"hasOpenParenthesis":false,"lastChar":"."}}
{"timestamp":"2025-11-08T20:33:04.272Z","level":"WARNING","bookName":"Sophie_s_World","message":"Chunk 209 validation warning","data":{"isValid":false,"endsProperlyEnglish":true,"hasOpenQuote":true,"hasOpenParenthesis":false,"lastChar":"."}}
{"timestamp":"2025-11-08T20:33:04.275Z","level":"WARNING","bookName":"Sophie_s_World","message":"Chunk 218 validation warning","data":{"isValid":false,"endsProperlyEnglish":true,"hasOpenQuote":true,"hasOpenParenthesis":false,"lastChar":"?"}}
{"timestamp":"2025-11-08T20:33:04.278Z","level":"WARNING","bookName":"Sophie_s_World","message":"Chunk 220 validation warning","data":{"isValid":false,"endsProperlyEnglish":true,"hasOpenQuote":true,"hasOpenParenthesis":false,"lastChar":"."}}
{"timestamp":"2025-11-08T20:33:04.282Z","level":"WARNING","bookName":"Sophie_s_World","message":"Chunk 221 validation warning","data":{"isValid":false,"endsProperlyEnglish":true,"hasOpenQuote":true,"hasOpenParenthesis":false,"lastChar":"."}}
{"timestamp":"2025-11-08T20:33:04.284Z","level":"WARNING","bookName":"Sophie_s_World","message":"Chunk 222 validation warning","data":{"isValid":false,"endsProperlyEnglish":true,"hasOpenQuote":true,"hasOpenParenthesis":false,"lastChar":"."}}
{"timestamp":"2025-11-08T20:33:04.288Z","level":"WARNING","bookName":"Sophie_s_World","message":"Chunk 223 validation warning","data":{"isValid":false,"endsProperlyEnglish":true,"hasOpenQuote":true,"hasOpenParenthesis":false,"lastChar":"."}}
{"timestamp":"2025-11-08T20:33:04.290Z","level":"WARNING","bookName":"Sophie_s_World","message":"Chunk 224 validation warning","data":{"isValid":false,"endsProperlyEnglish":true,"hasOpenQuote":true,"hasOpenParenthesis":false,"lastChar":"."}}
{"timestamp":"2025-11-08T20:33:04.295Z","level":"WARNING","bookName":"Sophie_s_World","message":"Chunk 227 validation warning","data":{"isValid":false,"endsProperlyEnglish":true,"hasOpenQuote":true,"hasOpenParenthesis":false,"lastChar":"."}}
{"timestamp":"2025-11-08T20:33:04.298Z","level":"WARNING","bookName":"Sophie_s_World","message":"Chunk 234 validation warning","data":{"isValid":false,"endsProperlyEnglish":true,"hasOpenQuote":true,"hasOpenParenthesis":false,"lastChar":"."}}
{"timestamp":"2025-11-08T20:33:04.301Z","level":"WARNING","bookName":"Sophie_s_World","message":"Chunk 235 validation warning","data":{"isValid":false,"endsProperlyEnglish":true,"hasOpenQuote":true,"hasOpenParenthesis":false,"lastChar":"."}}
{"timestamp":"2025-11-08T20:33:04.304Z","level":"WARNING","bookName":"Sophie_s_World","message":"Chunk 238 validation warning","data":{"isValid":false,"endsProperlyEnglish":true,"hasOpenQuote":true,"hasOpenParenthesis":false,"lastChar":"."}}
{"timestamp":"2025-11-08T20:33:04.307Z","level":"WARNING","bookName":"Sophie_s_World","message":"Chunk 245 validation warning","data":{"isValid":false,"endsProperlyEnglish":true,"hasOpenQuote":true,"hasOpenParenthesis":false,"lastChar":"."}}
{"timestamp":"2025-11-08T20:33:04.310Z","level":"WARNING","bookName":"Sophie_s_World","message":"Chunk 247 validation warning","data":{"isValid":false,"endsProperlyEnglish":true,"hasOpenQuote":true,"hasOpenParenthesis":false,"lastChar":"."}}
{"timestamp":"2025-11-08T20:33:04.313Z","level":"WARNING","bookName":"Sophie_s_World","message":"Chunk 248 validation warning","data":{"isValid":false,"endsProperlyEnglish":true,"hasOpenQuote":true,"hasOpenParenthesis":false,"lastChar":"."}}
{"timestamp":"2025-11-08T20:33:04.316Z","level":"WARNING","bookName":"Sophie_s_World","message":"Chunk 250 validation warning","data":{"isValid":false,"endsProperlyEnglish":true,"hasOpenQuote":true,"hasOpenParenthesis":false,"lastChar":"."}}
{"timestamp":"2025-11-08T20:33:04.319Z","level":"WARNING","bookName":"Sophie_s_World","message":"Chunk 257 validation warning","data":{"isValid":false,"endsProperlyEnglish":true,"hasOpenQuote":true,"hasOpenParenthesis":false,"lastChar":"."}}
{"timestamp":"2025-11-08T20:33:04.322Z","level":"WARNING","bookName":"Sophie_s_World","message":"Chunk 259 validation warning","data":{"isValid":false,"endsProperlyEnglish":true,"hasOpenQuote":true,"hasOpenParenthesis":false,"lastChar":"."}}
{"timestamp":"2025-11-08T20:33:04.325Z","level":"WARNING","bookName":"Sophie_s_World","message":"Chunk 265 validation warning","data":{"isValid":false,"endsProperlyEnglish":true,"hasOpenQuote":true,"hasOpenParenthesis":false,"lastChar":"."}}
{"timestamp":"2025-11-08T20:33:04.329Z","level":"WARNING","bookName":"Sophie_s_World","message":"Chunk 269 validation warning","data":{"isValid":false,"endsProperlyEnglish":true,"hasOpenQuote":true,"hasOpenParenthesis":false,"lastChar":"."}}
{"timestamp":"2025-11-08T20:33:04.333Z","level":"WARNING","bookName":"Sophie_s_World","message":"Chunk 277 validation warning","data":{"isValid":false,"endsProperlyEnglish":true,"hasOpenQuote":true,"hasOpenParenthesis":false,"lastChar":"!"}}
{"timestamp":"2025-11-08T20:33:04.336Z","level":"WARNING","bookName":"Sophie_s_World","message":"Chunk 278 validation warning","data":{"isValid":false,"endsProperlyEnglish":true,"hasOpenQuote":true,"hasOpenParenthesis":false,"lastChar":"."}}
{"timestamp":"2025-11-08T20:33:04.339Z","level":"WARNING","bookName":"Sophie_s_World","message":"Chunk 279 validation warning","data":{"isValid":false,"endsProperlyEnglish":true,"hasOpenQuote":true,"hasOpenParenthesis":false,"lastChar":"."}}
{"timestamp":"2025-11-08T20:33:04.341Z","level":"WARNING","bookName":"Sophie_s_World","message":"Chunk 280 validation warning","data":{"isValid":false,"endsProperlyEnglish":true,"hasOpenQuote":true,"hasOpenParenthesis":false,"lastChar":"."}}
{"timestamp":"2025-11-08T20:33:04.346Z","level":"WARNING","bookName":"Sophie_s_World","message":"Chunk 284 validation warning","data":{"isValid":false,"endsProperlyEnglish":true,"hasOpenQuote":true,"hasOpenParenthesis":false,"lastChar":"."}}
{"timestamp":"2025-11-08T20:33:04.349Z","level":"WARNING","bookName":"Sophie_s_World","message":"Chunk 285 validation warning","data":{"isValid":false,"endsProperlyEnglish":true,"hasOpenQuote":true,"hasOpenParenthesis":false,"lastChar":"."}}
{"timestamp":"2025-11-08T20:33:04.352Z","level":"WARNING","bookName":"Sophie_s_World","message":"Chunk 287 validation warning","data":{"isValid":false,"endsProperlyEnglish":true,"hasOpenQuote":true,"hasOpenParenthesis":false,"lastChar":"."}}
{"timestamp":"2025-11-08T20:33:04.355Z","level":"WARNING","bookName":"Sophie_s_World","message":"Chunk 292 validation warning","data":{"isValid":false,"endsProperlyEnglish":true,"hasOpenQuote":true,"hasOpenParenthesis":false,"lastChar":"."}}
{"timestamp":"2025-11-08T20:33:04.360Z","level":"WARNING","bookName":"Sophie_s_World","message":"Chunk 294 validation warning","data":{"isValid":false,"endsProperlyEnglish":true,"hasOpenQuote":true,"hasOpenParenthesis":false,"lastChar":"."}}
{"timestamp":"2025-11-08T20:33:04.363Z","level":"WARNING","bookName":"Sophie_s_World","message":"Chunk 296 validation warning","data":{"isValid":false,"endsProperlyEnglish":true,"hasOpenQuote":true,"hasOpenParenthesis":false,"lastChar":"."}}
{"timestamp":"2025-11-08T20:33:04.366Z","level":"WARNING","bookName":"Sophie_s_World","message":"Chunk 298 validation warning","data":{"isValid":false,"endsProperlyEnglish":true,"hasOpenQuote":true,"hasOpenParenthesis":false,"lastChar":"!"}}
{"timestamp":"2025-11-08T20:33:04.369Z","level":"WARNING","bookName":"Sophie_s_World","message":"Chunk 299 validation warning","data":{"isValid":false,"endsProperlyEnglish":true,"hasOpenQuote":true,"hasOpenParenthesis":false,"lastChar":"."}}
{"timestamp":"2025-11-08T20:33:04.372Z","level":"WARNING","bookName":"Sophie_s_World","message":"Chunk 301 validation warning","data":{"isValid":false,"endsProperlyEnglish":true,"hasOpenQuote":true,"hasOpenParenthesis":false,"lastChar":"."}}
{"timestamp":"2025-11-08T20:33:04.377Z","level":"WARNING","bookName":"Sophie_s_World","message":"Chunk 303 validation warning","data":{"isValid":false,"endsProperlyEnglish":true,"hasOpenQuote":true,"hasOpenParenthesis":false,"lastChar":"."}}
{"timestamp":"2025-11-08T20:33:04.382Z","level":"WARNING","bookName":"Sophie_s_World","message":"Chunk 305 validation warning","data":{"isValid":false,"endsProperlyEnglish":true,"hasOpenQuote":true,"hasOpenParenthesis":false,"lastChar":"."}}
{"timestamp":"2025-11-08T20:33:04.385Z","level":"WARNING","bookName":"Sophie_s_World","message":"Chunk 309 validation warning","data":{"isValid":false,"endsProperlyEnglish":true,"hasOpenQuote":true,"hasOpenParenthesis":false,"lastChar":"."}}
{"timestamp":"2025-11-08T20:33:04.388Z","level":"WARNING","bookName":"Sophie_s_World","message":"Chunk 310 validation warning","data":{"isValid":false,"endsProperlyEnglish":true,"hasOpenQuote":true,"hasOpenParenthesis":false,"lastChar":"."}}
{"timestamp":"2025-11-08T20:33:04.393Z","level":"WARNING","bookName":"Sophie_s_World","message":"Chunk 313 validation warning","data":{"isValid":false,"endsProperlyEnglish":true,"hasOpenQuote":true,"hasOpenParenthesis":false,"lastChar":"."}}
{"timestamp":"2025-11-08T20:33:04.396Z","level":"WARNING","bookName":"Sophie_s_World","message":"Chunk 315 validation warning","data":{"isValid":false,"endsProperlyEnglish":true,"hasOpenQuote":true,"hasOpenParenthesis":false,"lastChar":"."}}
{"timestamp":"2025-11-08T20:33:04.399Z","level":"WARNING","bookName":"Sophie_s_World","message":"Chunk 317 validation warning","data":{"isValid":false,"endsProperlyEnglish":true,"hasOpenQuote":true,"hasOpenParenthesis":false,"lastChar":"."}}
{"timestamp":"2025-11-08T20:33:04.402Z","level":"WARNING","bookName":"Sophie_s_World","message":"Chunk 318 validation warning","data":{"isValid":false,"endsProperlyEnglish":true,"hasOpenQuote":true,"hasOpenParenthesis":false,"lastChar":"."}}
{"timestamp":"2025-11-08T20:33:04.406Z","level":"WARNING","bookName":"Sophie_s_World","message":"Chunk 319 validation warning","data":{"isValid":false,"endsProperlyEnglish":true,"hasOpenQuote":true,"hasOpenParenthesis":false,"lastChar":"."}}
{"timestamp":"2025-11-08T20:33:04.410Z","level":"WARNING","bookName":"Sophie_s_World","message":"Chunk 322 validation warning","data":{"isValid":false,"endsProperlyEnglish":true,"hasOpenQuote":true,"hasOpenParenthesis":false,"lastChar":"."}}
{"timestamp":"2025-11-08T20:33:04.413Z","level":"WARNING","bookName":"Sophie_s_World","message":"Chunk 324 validation warning","data":{"isValid":false,"endsProperlyEnglish":true,"hasOpenQuote":true,"hasOpenParenthesis":false,"lastChar":"."}}
{"timestamp":"2025-11-08T20:33:04.416Z","level":"WARNING","bookName":"Sophie_s_World","message":"Chunk 337 validation warning","data":{"isValid":false,"endsProperlyEnglish":true,"hasOpenQuote":true,"hasOpenParenthesis":false,"lastChar":"."}}
{"timestamp":"2025-11-08T20:33:04.418Z","level":"WARNING","bookName":"Sophie_s_World","message":"Chunk 347 validation warning","data":{"isValid":false,"endsProperlyEnglish":true,"hasOpenQuote":true,"hasOpenParenthesis":false,"lastChar":"."}}
{"timestamp":"2025-11-08T20:33:04.421Z","level":"WARNING","bookName":"Sophie_s_World","message":"Chunk 348 validation warning","data":{"isValid":false,"endsProperlyEnglish":true,"hasOpenQuote":true,"hasOpenParenthesis":false,"lastChar":"."}}
{"timestamp":"2025-11-08T20:33:04.431Z","level":"WARNING","bookName":"Sophie_s_World","message":"Chunk 349 validation warning","data":{"isValid":false,"endsProperlyEnglish":true,"hasOpenQuote":true,"hasOpenParenthesis":false,"lastChar":"."}}
{"timestamp":"2025-11-08T20:33:04.434Z","level":"WARNING","bookName":"Sophie_s_World","message":"Chunk 350 validation warning","data":{"isValid":false,"endsProperlyEnglish":true,"hasOpenQuote":true,"hasOpenParenthesis":false,"lastChar":"."}}
{"timestamp":"2025-11-08T20:33:04.437Z","level":"WARNING","bookName":"Sophie_s_World","message":"Chunk 351 validation warning","data":{"isValid":false,"endsProperlyEnglish":true,"hasOpenQuote":true,"hasOpenParenthesis":false,"lastChar":"."}}
{"timestamp":"2025-11-08T20:33:04.440Z","level":"WARNING","bookName":"Sophie_s_World","message":"Chunk 354 validation warning","data":{"isValid":false,"endsProperlyEnglish":true,"hasOpenQuote":true,"hasOpenParenthesis":false,"lastChar":"."}}
{"timestamp":"2025-11-08T20:33:04.443Z","level":"WARNING","bookName":"Sophie_s_World","message":"Chunk 359 validation warning","data":{"isValid":false,"endsProperlyEnglish":true,"hasOpenQuote":true,"hasOpenParenthesis":false,"lastChar":"."}}
{"timestamp":"2025-11-08T20:33:04.447Z","level":"WARNING","bookName":"Sophie_s_World","message":"Chunk 363 validation warning","data":{"isValid":false,"endsProperlyEnglish":true,"hasOpenQuote":true,"hasOpenParenthesis":false,"lastChar":"."}}
{"timestamp":"2025-11-08T20:33:04.450Z","level":"WARNING","bookName":"Sophie_s_World","message":"Chunk 364 validation warning","data":{"isValid":false,"endsProperlyEnglish":true,"hasOpenQuote":true,"hasOpenParenthesis":false,"lastChar":"?"}}
{"timestamp":"2025-11-08T20:33:04.453Z","level":"WARNING","bookName":"Sophie_s_World","message":"Chunk 376 validation warning","data":{"isValid":false,"endsProperlyEnglish":true,"hasOpenQuote":true,"hasOpenParenthesis":false,"lastChar":"."}}
{"timestamp":"2025-11-08T20:33:04.457Z","level":"WARNING","bookName":"Sophie_s_World","message":"Chunk 378 validation warning","data":{"isValid":false,"endsProperlyEnglish":true,"hasOpenQuote":true,"hasOpenParenthesis":false,"lastChar":"."}}
{"timestamp":"2025-11-08T20:33:04.460Z","level":"WARNING","bookName":"Sophie_s_World","message":"Chunk 398 validation warning","data":{"isValid":false,"endsProperlyEnglish":true,"hasOpenQuote":true,"hasOpenParenthesis":false,"lastChar":"."}}
{"timestamp":"2025-11-08T20:33:04.462Z","level":"WARNING","bookName":"Sophie_s_World","message":"Chunk 402 validation warning","data":{"isValid":false,"endsProperlyEnglish":true,"hasOpenQuote":true,"hasOpenParenthesis":false,"lastChar":"."}}
{"timestamp":"2025-11-08T20:33:04.466Z","level":"WARNING","bookName":"Sophie_s_World","message":"Chunk 418 validation warning","data":{"isValid":false,"endsProperlyEnglish":true,"hasOpenQuote":true,"hasOpenParenthesis":false,"lastChar":"."}}
{"timestamp":"2025-11-08T20:33:04.469Z","level":"WARNING","bookName":"Sophie_s_World","message":"Chunk 421 validation warning","data":{"isValid":false,"endsProperlyEnglish":true,"hasOpenQuote":true,"hasOpenParenthesis":false,"lastChar":"."}}
{"timestamp":"2025-11-08T20:33:04.472Z","level":"WARNING","bookName":"Sophie_s_World","message":"Chunk 422 validation warning","data":{"isValid":false,"endsProperlyEnglish":true,"hasOpenQuote":true,"hasOpenParenthesis":false,"lastChar":"."}}
{"timestamp":"2025-11-08T20:33:04.474Z","level":"WARNING","bookName":"Sophie_s_World","message":"Chunk 423 validation warning","data":{"isValid":false,"endsProperlyEnglish":true,"hasOpenQuote":true,"hasOpenParenthesis":false,"lastChar":"?"}}
{"timestamp":"2025-11-08T20:33:04.478Z","level":"WARNING","bookName":"Sophie_s_World","message":"Chunk 424 validation warning","data":{"isValid":false,"endsProperlyEnglish":true,"hasOpenQuote":true,"hasOpenParenthesis":false,"lastChar":"."}}
{"timestamp":"2025-11-08T20:33:04.481Z","level":"WARNING","bookName":"Sophie_s_World","message":"Chunk 425 validation warning","data":{"isValid":false,"endsProperlyEnglish":true,"hasOpenQuote":true,"hasOpenParenthesis":false,"lastChar":"."}}
{"timestamp":"2025-11-08T20:33:04.484Z","level":"WARNING","bookName":"Sophie_s_World","message":"Chunk 434 validation warning","data":{"isValid":false,"endsProperlyEnglish":true,"hasOpenQuote":true,"hasOpenParenthesis":false,"lastChar":"."}}
{"timestamp":"2025-11-08T20:33:04.487Z","level":"WARNING","bookName":"Sophie_s_World","message":"Chunk 436 validation warning","data":{"isValid":false,"endsProperlyEnglish":true,"hasOpenQuote":true,"hasOpenParenthesis":false,"lastChar":"."}}
{"timestamp":"2025-11-08T20:33:04.489Z","level":"WARNING","bookName":"Sophie_s_World","message":"Chunk 441 validation warning","data":{"isValid":false,"endsProperlyEnglish":true,"hasOpenQuote":true,"hasOpenParenthesis":false,"lastChar":"."}}
{"timestamp":"2025-11-08T20:33:04.494Z","level":"WARNING","bookName":"Sophie_s_World","message":"Chunk 442 validation warning","data":{"isValid":false,"endsProperlyEnglish":true,"hasOpenQuote":true,"hasOpenParenthesis":false,"lastChar":"."}}
{"timestamp":"2025-11-08T20:33:04.497Z","level":"WARNING","bookName":"Sophie_s_World","message":"Chunk 444 validation warning","data":{"isValid":false,"endsProperlyEnglish":true,"hasOpenQuote":true,"hasOpenParenthesis":false,"lastChar":"."}}
{"timestamp":"2025-11-08T20:33:04.500Z","level":"WARNING","bookName":"Sophie_s_World","message":"Chunk 447 validation warning","data":{"isValid":false,"endsProperlyEnglish":true,"hasOpenQuote":true,"hasOpenParenthesis":false,"lastChar":"."}}
{"timestamp":"2025-11-08T20:33:04.503Z","level":"WARNING","bookName":"Sophie_s_World","message":"Chunk 452 validation warning","data":{"isValid":false,"endsProperlyEnglish":true,"hasOpenQuote":true,"hasOpenParenthesis":false,"lastChar":"."}}
{"timestamp":"2025-11-08T20:33:04.505Z","level":"WARNING","bookName":"Sophie_s_World","message":"Chunk 453 validation warning","data":{"isValid":false,"endsProperlyEnglish":true,"hasOpenQuote":true,"hasOpenParenthesis":false,"lastChar":"."}}
{"timestamp":"2025-11-08T20:33:04.509Z","level":"WARNING","bookName":"Sophie_s_World","message":"Chunk 454 validation warning","data":{"isValid":false,"endsProperlyEnglish":true,"hasOpenQuote":true,"hasOpenParenthesis":false,"lastChar":"."}}
{"timestamp":"2025-11-08T20:33:04.513Z","level":"WARNING","bookName":"Sophie_s_World","message":"Chunk 456 validation warning","data":{"isValid":false,"endsProperlyEnglish":true,"hasOpenQuote":true,"hasOpenParenthesis":false,"lastChar":"?"}}
{"timestamp":"2025-11-08T20:33:04.516Z","level":"WARNING","bookName":"Sophie_s_World","message":"Chunk 457 validation warning","data":{"isValid":false,"endsProperlyEnglish":true,"hasOpenQuote":true,"hasOpenParenthesis":false,"lastChar":"."}}
{"timestamp":"2025-11-08T20:33:04.519Z","level":"WARNING","bookName":"Sophie_s_World","message":"Chunk 458 validation warning","data":{"isValid":false,"endsProperlyEnglish":true,"hasOpenQuote":true,"hasOpenParenthesis":false,"lastChar":"."}}
{"timestamp":"2025-11-08T20:33:04.522Z","level":"WARNING","bookName":"Sophie_s_World","message":"Chunk 462 validation warning","data":{"isValid":false,"endsProperlyEnglish":true,"hasOpenQuote":true,"hasOpenParenthesis":false,"lastChar":"."}}
{"timestamp":"2025-11-08T20:33:04.525Z","level":"WARNING","bookName":"Sophie_s_World","message":"Chunk 463 validation warning","data":{"isValid":false,"endsProperlyEnglish":true,"hasOpenQuote":true,"hasOpenParenthesis":false,"lastChar":"."}}
{"timestamp":"2025-11-08T20:33:04.529Z","level":"WARNING","bookName":"Sophie_s_World","message":"Chunk 466 validation warning","data":{"isValid":false,"endsProperlyEnglish":true,"hasOpenQuote":true,"hasOpenParenthesis":false,"lastChar":"!"}}
{"timestamp":"2025-11-08T20:33:04.533Z","level":"WARNING","bookName":"Sophie_s_World","message":"Chunk 467 validation warning","data":{"isValid":false,"endsProperlyEnglish":true,"hasOpenQuote":true,"hasOpenParenthesis":false,"lastChar":"."}}
{"timestamp":"2025-11-08T20:33:04.536Z","level":"WARNING","bookName":"Sophie_s_World","message":"Chunk 471 validation warning","data":{"isValid":false,"endsProperlyEnglish":true,"hasOpenQuote":true,"hasOpenParenthesis":false,"lastChar":"."}}
{"timestamp":"2025-11-08T20:33:04.567Z","level":"DEBUG","bookName":"Sophie_s_World","message":"Progress saved","data":{"completed":0,"total":479}}
{"timestamp":"2025-11-08T20:33:04.575Z","level":"DEBUG","bookName":"Sophie_s_World","message":"API call attempt 1/3 for chunk 1","data":null}
{"timestamp":"2025-11-08T20:33:23.058Z","level":"DEBUG","bookName":"Sophie_s_World","message":"Progress saved","data":{"completed":1,"total":479}}
{"timestamp":"2025-11-08T20:33:24.075Z","level":"DEBUG","bookName":"Sophie_s_World","message":"API call attempt 1/3 for chunk 2","data":null}
{"timestamp":"2025-11-08T20:33:54.269Z","level":"DEBUG","bookName":"Sophie_s_World","message":"Progress saved","data":{"completed":2,"total":479}}
{"timestamp":"2025-11-08T20:33:55.282Z","level":"DEBUG","bookName":"Sophie_s_World","message":"API call attempt 1/3 for chunk 3","data":null}
{"timestamp":"2025-11-08T20:34:16.254Z","level":"DEBUG","bookName":"Sophie_s_World","message":"Progress saved","data":{"completed":3,"total":479}}
{"timestamp":"2025-11-08T20:34:17.262Z","level":"DEBUG","bookName":"Sophie_s_World","message":"API call attempt 1/3 for chunk 4","data":null}
{"timestamp":"2025-11-08T20:34:34.586Z","level":"DEBUG","bookName":"Sophie_s_World","message":"Progress saved","data":{"completed":4,"total":479}}
{"timestamp":"2025-11-08T20:34:35.604Z","level":"DEBUG","bookName":"Sophie_s_World","message":"API call attempt 1/3 for chunk 5","data":null}
{"timestamp":"2025-11-08T20:34:50.481Z","level":"DEBUG","bookName":"Sophie_s_World","message":"Progress saved","data":{"completed":5,"total":479}}
{"timestamp":"2025-11-08T20:34:51.504Z","level":"DEBUG","bookName":"Sophie_s_World","message":"API call attempt 1/3 for chunk 6","data":null}
{"timestamp":"2025-11-08T20:40:35.919Z","level":"INFO","bookName":"Sophie_s_World","message":"Translation process started","data":null}
{"timestamp":"2025-11-08T20:40:35.967Z","level":"INFO","bookName":"Sophie_s_World","message":"RESUME MODE ACTIVATED","data":{"total":479,"completed":3,"remaining":476}}
{"timestamp":"2025-11-08T20:40:36.052Z","level":"DEBUG","bookName":"Sophie_s_World","message":"API call attempt 1/3 for chunk 4","data":null}
{"timestamp":"2025-11-08T20:40:53.462Z","level":"DEBUG","bookName":"Sophie_s_World","message":"Progress saved","data":{"completed":4,"total":479}}
{"timestamp":"2025-11-08T20:40:54.478Z","level":"DEBUG","bookName":"Sophie_s_World","message":"API call attempt 1/3 for chunk 5","data":null}
{"timestamp":"2025-11-08T20:41:19.263Z","level":"DEBUG","bookName":"Sophie_s_World","message":"Progress saved","data":{"completed":5,"total":479}}
{"timestamp":"2025-11-08T20:41:20.274Z","level":"DEBUG","bookName":"Sophie_s_World","message":"API call attempt 1/3 for chunk 6","data":null}
{"timestamp":"2025-11-08T20:41:50.318Z","level":"DEBUG","bookName":"Sophie_s_World","message":"Progress saved","data":{"completed":6,"total":479}}
{"timestamp":"2025-11-08T20:41:51.329Z","level":"DEBUG","bookName":"Sophie_s_World","message":"API call attempt 1/3 for chunk 7","data":null}
{"timestamp":"2025-11-08T20:50:07.337Z","level":"INFO","bookName":"Sophie_s_World","message":"Translation process started","data":null}
{"timestamp":"2025-11-08T20:50:07.379Z","level":"INFO","bookName":"Sophie_s_World","message":"RESUME MODE ACTIVATED","data":{"total":479,"completed":2,"remaining":477}}
{"timestamp":"2025-11-08T20:50:07.465Z","level":"DEBUG","bookName":"Sophie_s_World","message":"API call attempt 1/3 for chunk 3","data":null}
{"timestamp":"2025-11-08T20:50:23.583Z","level":"DEBUG","bookName":"Sophie_s_World","message":"Progress saved","data":{"completed":3,"total":479}}
{"timestamp":"2025-11-08T20:50:24.599Z","level":"DEBUG","bookName":"Sophie_s_World","message":"API call attempt 1/3 for chunk 4","data":null}
{"timestamp":"2025-11-08T20:50:45.532Z","level":"DEBUG","bookName":"Sophie_s_World","message":"Progress saved","data":{"completed":4,"total":479}}
{"timestamp":"2025-11-08T20:50:46.556Z","level":"DEBUG","bookName":"Sophie_s_World","message":"API call attempt 1/3 for chunk 5","data":null}
{"timestamp":"2025-11-08T20:51:02.013Z","level":"DEBUG","bookName":"Sophie_s_World","message":"Progress saved","data":{"completed":5,"total":479}}
{"timestamp":"2025-11-08T20:51:03.025Z","level":"DEBUG","bookName":"Sophie_s_World","message":"API call attempt 1/3 for chunk 6","data":null}
{"timestamp":"2025-11-08T21:00:42.148Z","level":"INFO","bookName":"Sophie_s_World","message":"Translation process started","data":null}
{"timestamp":"2025-11-08T21:00:42.217Z","level":"INFO","bookName":"Sophie_s_World","message":"RESUME MODE ACTIVATED","data":{"total":479,"completed":2,"remaining":477}}
{"timestamp":"2025-11-08T21:00:42.278Z","level":"DEBUG","bookName":"Sophie_s_World","message":"API call attempt 1/3 for chunk 3","data":null}
{"timestamp":"2025-11-08T21:00:59.526Z","level":"DEBUG","bookName":"Sophie_s_World","message":"Progress saved","data":{"completed":3,"total":479}}
{"timestamp":"2025-11-08T21:01:00.532Z","level":"DEBUG","bookName":"Sophie_s_World","message":"API call attempt 1/3 for chunk 4","data":null}
{"timestamp":"2025-11-08T21:01:14.026Z","level":"DEBUG","bookName":"Sophie_s_World","message":"Progress saved","data":{"completed":4,"total":479}}
{"timestamp":"2025-11-08T21:01:15.041Z","level":"DEBUG","bookName":"Sophie_s_World","message":"API call attempt 1/3 for chunk 5","data":null}
{"timestamp":"2025-11-08T21:01:28.495Z","level":"DEBUG","bookName":"Sophie_s_World","message":"Progress saved","data":{"completed":5,"total":479}}
{"timestamp":"2025-11-08T21:01:29.513Z","level":"DEBUG","bookName":"Sophie_s_World","message":"API call attempt 1/3 for chunk 6","data":null}
{"timestamp":"2025-11-08T21:01:45.948Z","level":"DEBUG","bookName":"Sophie_s_World","message":"Progress saved","data":{"completed":6,"total":479}}
{"timestamp":"2025-11-08T21:01:46.968Z","level":"DEBUG","bookName":"Sophie_s_World","message":"API call attempt 1/3 for chunk 7","data":null}
{"timestamp":"2025-11-08T21:01:59.959Z","level":"DEBUG","bookName":"Sophie_s_World","message":"Progress saved","data":{"completed":7,"total":479}}
{"timestamp":"2025-11-08T21:02:00.972Z","level":"DEBUG","bookName":"Sophie_s_World","message":"API call attempt 1/3 for chunk 8","data":null}
{"timestamp":"2025-11-08T21:06:54.294Z","level":"INFO","bookName":"Sophie_s_World","message":"Translation process started","data":null}
{"timestamp":"2025-11-08T21:06:54.338Z","level":"INFO","bookName":"Sophie_s_World","message":"RESUME MODE ACTIVATED","data":{"total":479,"completed":2,"remaining":477}}
{"timestamp":"2025-11-08T21:06:54.437Z","level":"DEBUG","bookName":"Sophie_s_World","message":"API call attempt 1/3 for chunk 3","data":null}
{"timestamp":"2025-11-08T21:07:07.542Z","level":"DEBUG","bookName":"Sophie_s_World","message":"Progress saved","data":{"completed":3,"total":479}}
{"timestamp":"2025-11-08T21:07:08.558Z","level":"DEBUG","bookName":"Sophie_s_World","message":"API call attempt 1/3 for chunk 4","data":null}
{"timestamp":"2025-11-08T21:07:37.743Z","level":"DEBUG","bookName":"Sophie_s_World","message":"Progress saved","data":{"completed":4,"total":479}}
{"timestamp":"2025-11-08T21:07:38.755Z","level":"DEBUG","bookName":"Sophie_s_World","message":"API call attempt 1/3 for chunk 5","data":null}
{"timestamp":"2025-11-08T21:07:51.259Z","level":"DEBUG","bookName":"Sophie_s_World","message":"Progress saved","data":{"completed":5,"total":479}}
{"timestamp":"2025-11-08T21:07:52.264Z","level":"DEBUG","bookName":"Sophie_s_World","message":"API call attempt 1/3 for chunk 6","data":null}
{"timestamp":"2025-11-08T21:08:06.963Z","level":"DEBUG","bookName":"Sophie_s_World","message":"Progress saved","data":{"completed":6,"total":479}}
{"timestamp":"2025-11-08T21:08:07.977Z","level":"DEBUG","bookName":"Sophie_s_World","message":"API call attempt 1/3 for chunk 7","data":null}
{"timestamp":"2025-11-08T21:08:22.265Z","level":"DEBUG","bookName":"Sophie_s_World","message":"Progress saved","data":{"completed":7,"total":479}}
{"timestamp":"2025-11-08T21:08:23.275Z","level":"DEBUG","bookName":"Sophie_s_World","message":"API call attempt 1/3 for chunk 8","data":null}
{"timestamp":"2025-11-08T21:08:42.147Z","level":"DEBUG","bookName":"Sophie_s_World","message":"Progress saved","data":{"completed":8,"total":479}}
{"timestamp":"2025-11-08T21:08:43.158Z","level":"DEBUG","bookName":"Sophie_s_World","message":"API call attempt 1/3 for chunk 9","data":null}
{"timestamp":"2025-11-08T21:08:56.586Z","level":"DEBUG","bookName":"Sophie_s_World","message":"Progress saved","data":{"completed":9,"total":479}}
{"timestamp":"2025-11-08T21:08:57.598Z","level":"DEBUG","bookName":"Sophie_s_World","message":"API call attempt 1/3 for chunk 10","data":null}
{"timestamp":"2025-11-08T21:09:11.535Z","level":"DEBUG","bookName":"Sophie_s_World","message":"Progress saved","data":{"completed":10,"total":479}}
{"timestamp":"2025-11-08T21:09:12.549Z","level":"DEBUG","bookName":"Sophie_s_World","message":"API call attempt 1/3 for chunk 11","data":null}
{"timestamp":"2025-11-08T21:09:26.897Z","level":"DEBUG","bookName":"Sophie_s_World","message":"Progress saved","data":{"completed":11,"total":479}}
{"timestamp":"2025-11-08T21:09:27.912Z","level":"DEBUG","bookName":"Sophie_s_World","message":"API call attempt 1/3 for chunk 12","data":null}
{"timestamp":"2025-11-08T21:32:52.234Z","level":"INFO","bookName":"Sophie_s_World","message":"Translation process started","data":null}
{"timestamp":"2025-11-08T21:32:52.258Z","level":"INFO","bookName":"Sophie_s_World","message":"RESUME MODE ACTIVATED","data":{"total":479,"completed":2,"remaining":477}}
{"timestamp":"2025-11-08T21:32:52.311Z","level":"DEBUG","bookName":"Sophie_s_World","message":"API call attempt 1/3 for chunk 3","data":null}
{"timestamp":"2025-11-08T21:33:08.302Z","level":"DEBUG","bookName":"Sophie_s_World","message":"Progress saved","data":{"completed":3,"total":479}}
{"timestamp":"2025-11-08T21:33:09.307Z","level":"DEBUG","bookName":"Sophie_s_World","message":"API call attempt 1/3 for chunk 4","data":null}
{"timestamp":"2025-11-08T21:33:28.879Z","level":"DEBUG","bookName":"Sophie_s_World","message":"Progress saved","data":{"completed":4,"total":479}}
{"timestamp":"2025-11-08T21:33:29.887Z","level":"DEBUG","bookName":"Sophie_s_World","message":"API call attempt 1/3 for chunk 5","data":null}
{"timestamp":"2025-11-08T21:33:53.099Z","level":"DEBUG","bookName":"Sophie_s_World","message":"Progress saved","data":{"completed":5,"total":479}}
{"timestamp":"2025-11-08T21:33:54.115Z","level":"DEBUG","bookName":"Sophie_s_World","message":"API call attempt 1/3 for chunk 6","data":null}
{"timestamp":"2025-11-08T21:34:14.252Z","level":"DEBUG","bookName":"Sophie_s_World","message":"Progress saved","data":{"completed":6,"total":479}}
{"timestamp":"2025-11-08T21:34:15.262Z","level":"DEBUG","bookName":"Sophie_s_World","message":"API call attempt 1/3 for chunk 7","data":null}
{"timestamp":"2025-11-08T21:34:27.109Z","level":"DEBUG","bookName":"Sophie_s_World","message":"Progress saved","data":{"completed":7,"total":479}}
{"timestamp":"2025-11-08T21:34:28.127Z","level":"DEBUG","bookName":"Sophie_s_World","message":"API call attempt 1/3 for chunk 8","data":null}
{"timestamp":"2025-11-08T21:34:47.360Z","level":"DEBUG","bookName":"Sophie_s_World","message":"Progress saved","data":{"completed":8,"total":479}}
{"timestamp":"2025-11-08T21:34:48.373Z","level":"DEBUG","bookName":"Sophie_s_World","message":"API call attempt 1/3 for chunk 9","data":null}
{"timestamp":"2025-11-08T21:35:03.822Z","level":"DEBUG","bookName":"Sophie_s_World","message":"Progress saved","data":{"completed":9,"total":479}}
{"timestamp":"2025-11-08T21:35:04.835Z","level":"DEBUG","bookName":"Sophie_s_World","message":"API call attempt 1/3 for chunk 10","data":null}
